#
# There is insufficient memory for the Java Runtime Environment to continue.
# Native memory allocation (malloc) failed to allocate 199952 bytes. Error detail: Chunk::new
# Possible reasons:
#   The system is out of physical RAM or swap space
#   This process is running with CompressedOops enabled, and the Java Heap may be blocking the growth of the native heap
# Possible solutions:
#   Reduce memory load on the system
#   Increase physical memory or swap space
#   Check if swap backing store is full
#   Decrease Java heap size (-Xmx/-Xms)
#   Decrease number of Java threads
#   Decrease Java thread stack sizes (-Xss)
#   Set larger code cache with -XX:ReservedCodeCacheSize=
#   JVM is running with Unscaled Compressed Oops mode in which the Java heap is
#     placed in the first 4GB address space. The Java Heap base address is the
#     maximum limit for the native heap growth. Please use -XX:HeapBaseMinAddress
#     to set the Java Heap base and to place the Java Heap above 4GB virtual address.
# This output file may be truncated or incomplete.
#
#  Out of Memory Error (arena.cpp:168), pid=360, tid=6960
#
# JRE version: OpenJDK Runtime Environment Temurin-21.0.8+9 (21.0.8+9) (build 21.0.8+9-LTS)
# Java VM: OpenJDK 64-Bit Server VM Temurin-21.0.8+9 (21.0.8+9-LTS, mixed mode, sharing, tiered, compressed oops, compressed class ptrs, g1 gc, windows-amd64)
# No core dump will be written. Minidumps are not enabled by default on client versions of Windows
#

---------------  S U M M A R Y ------------

Command Line: -ea -Dfile.encoding=UTF-8 -Dstdout.encoding=UTF-8 -Dstderr.encoding=UTF-8 -XX:+ShowCodeDetailsInExceptionMessages org.testng.remote.RemoteTestNG -serport 60168 -protocol json -d C:\Users\Kavya Rajendran\OneDrive\Desktop\java selenium\Selenium\test-output C:\Users\KAVYAR~1\AppData\Local\Temp\testng-eclipse--521054947\testng-customsuite.xml

Host: Intel(R) Core(TM) i5-8350U CPU @ 1.70GHz, 8 cores, 7G,  Windows 11 , 64 bit Build 26100 (10.0.26100.7920)
Time: Thu Apr  2 09:14:26 2026 India Standard Time elapsed time: 35.926990 seconds (0d 0h 0m 35s)

---------------  T H R E A D  ---------------

Current thread (0x00000192fd9a8a70):  JavaThread "C2 CompilerThread0" daemon [_thread_in_native, id=6960, stack(0x0000001b35700000,0x0000001b35800000) (1024K)]


Current CompileTask:
C2:35927 2631       4       java.util.regex.Pattern$CharProperty::match (71 bytes)

Stack: [0x0000001b35700000,0x0000001b35800000]
Native frames: (J=compiled Java code, j=interpreted, Vv=VM code, C=native code)
V  [jvm.dll+0x6d2449]
V  [jvm.dll+0x8ae341]
V  [jvm.dll+0x8b08be]
V  [jvm.dll+0x8b0fa3]
V  [jvm.dll+0x280c96]
V  [jvm.dll+0xc581d]
V  [jvm.dll+0xc5d53]
V  [jvm.dll+0x3b919c]
V  [jvm.dll+0x1e1213]
V  [jvm.dll+0x249022]
V  [jvm.dll+0x2484af]
V  [jvm.dll+0x1c89ee]
V  [jvm.dll+0x257d4d]
V  [jvm.dll+0x2562ea]
V  [jvm.dll+0x3f2d16]
V  [jvm.dll+0x857e6b]
V  [jvm.dll+0x6d0b0d]
C  [ucrtbase.dll+0x37b0]
C  [KERNEL32.DLL+0x2e8d7]
C  [ntdll.dll+0x8c48c]


---------------  P R O C E S S  ---------------

Threads class SMR info:
_java_thread_list=0x00000192feeaa5f0, length=47, elements={
0x00000192f27ba700, 0x00000192fd98c8a0, 0x00000192fd998130, 0x00000192fd9996f0,
0x00000192fd99c150, 0x00000192fd9a6290, 0x00000192fd9a6ce0, 0x00000192fd9a8a70,
0x00000192fd9c3430, 0x00000192fdaf6240, 0x00000192fdb00a80, 0x00000192fda1eb90,
0x00000192fda1f1f0, 0x00000192d42ba4c0, 0x00000192ff8a9f30, 0x00000192fef11910,
0x00000192fef11f70, 0x00000192fe9e7850, 0x00000192fe9cfa70, 0x00000192fe9d21d0,
0x00000192fe9d0e20, 0x00000192fe9d0100, 0x00000192fe9d0790, 0x00000192fe9d2860,
0x00000192fe9d14b0, 0x00000192fe9d1b40, 0x00000192feec7e30, 0x00000192feec84c0,
0x00000192feec7110, 0x00000192feec91e0, 0x00000192feec9870, 0x00000192feec63f0,
0x00000192feecccf0, 0x00000192feecac20, 0x00000192feec8b50, 0x00000192feec77a0,
0x00000192feec6a80, 0x00000192feecc660, 0x00000192feecd380, 0x00000192feec9f00,
0x00000192feecda10, 0x00000192feeca590, 0x00000192feecb2b0, 0x00000192feecb940,
0x00000192feecbfd0, 0x00000192fe9cf3e0, 0x00000192fe186ca0
}

Java Threads: ( => current thread )
  0x00000192f27ba700 JavaThread "main"                              [_thread_in_native, id=3024, stack(0x0000001b34900000,0x0000001b34a00000) (1024K)]
  0x00000192fd98c8a0 JavaThread "Reference Handler"          daemon [_thread_blocked, id=2960, stack(0x0000001b35100000,0x0000001b35200000) (1024K)]
  0x00000192fd998130 JavaThread "Finalizer"                  daemon [_thread_blocked, id=4552, stack(0x0000001b35200000,0x0000001b35300000) (1024K)]
  0x00000192fd9996f0 JavaThread "Signal Dispatcher"          daemon [_thread_blocked, id=7624, stack(0x0000001b35300000,0x0000001b35400000) (1024K)]
  0x00000192fd99c150 JavaThread "Attach Listener"            daemon [_thread_blocked, id=16944, stack(0x0000001b35400000,0x0000001b35500000) (1024K)]
  0x00000192fd9a6290 JavaThread "Service Thread"             daemon [_thread_blocked, id=4232, stack(0x0000001b35500000,0x0000001b35600000) (1024K)]
  0x00000192fd9a6ce0 JavaThread "Monitor Deflation Thread"   daemon [_thread_blocked, id=13736, stack(0x0000001b35600000,0x0000001b35700000) (1024K)]
=>0x00000192fd9a8a70 JavaThread "C2 CompilerThread0"         daemon [_thread_in_native, id=6960, stack(0x0000001b35700000,0x0000001b35800000) (1024K)]
  0x00000192fd9c3430 JavaThread "C1 CompilerThread0"         daemon [_thread_blocked, id=14964, stack(0x0000001b35800000,0x0000001b35900000) (1024K)]
  0x00000192fdaf6240 JavaThread "Notification Thread"        daemon [_thread_blocked, id=4236, stack(0x0000001b35900000,0x0000001b35a00000) (1024K)]
  0x00000192fdb00a80 JavaThread "Common-Cleaner"             daemon [_thread_blocked, id=5316, stack(0x0000001b35a00000,0x0000001b35b00000) (1024K)]
  0x00000192fda1eb90 JavaThread "ForkJoinPool.commonPool-worker-1" daemon [_thread_blocked, id=12440, stack(0x0000001b35d00000,0x0000001b35e00000) (1024K)]
  0x00000192fda1f1f0 JavaThread "ForkJoinPool.commonPool-worker-2" daemon [_thread_blocked, id=15876, stack(0x0000001b35e00000,0x0000001b35f00000) (1024K)]
  0x00000192d42ba4c0 JavaThread "HttpClient-1-SelectorManager" daemon [_thread_in_native, id=13284, stack(0x0000001b36800000,0x0000001b36900000) (1024K)]
  0x00000192ff8a9f30 JavaThread "External Process Output Forwarder - C:\Users\Kavya Rajendran\.cache\selenium\chromedriver\win64\146.0.7680.165\chromedriver.exe" daemon [_thread_in_native, id=7148, stack(0x0000001b36900000,0x0000001b36a00000) (1024K)]
  0x00000192fef11910 JavaThread "Driver Service Executor"    daemon [_thread_blocked, id=17232, stack(0x0000001b36a00000,0x0000001b36b00000) (1024K)]
  0x00000192fef11f70 JavaThread "Driver Service Executor"    daemon [_thread_blocked, id=9264, stack(0x0000001b36b00000,0x0000001b36c00000) (1024K)]
  0x00000192fe9e7850 JavaThread "UrlChecker-2"               daemon [_thread_blocked, id=8876, stack(0x0000001b36600000,0x0000001b36700000) (1024K)]
  0x00000192fe9cfa70 JavaThread "JdkHttpClient-0-0"          daemon [_thread_blocked, id=6280, stack(0x0000001b36c00000,0x0000001b36d00000) (1024K)]
  0x00000192fe9d21d0 JavaThread "CompletableFutureDelayScheduler" daemon [_thread_blocked, id=6564, stack(0x0000001b36d00000,0x0000001b36e00000) (1024K)]
  0x00000192fe9d0e20 JavaThread "JdkHttpClient-0-1"          daemon [_thread_blocked, id=2360, stack(0x0000001b36e00000,0x0000001b36f00000) (1024K)]
  0x00000192fe9d0100 JavaThread "JdkHttpClient-0-2"          daemon [_thread_blocked, id=9924, stack(0x0000001b36f00000,0x0000001b37000000) (1024K)]
  0x00000192fe9d0790 JavaThread "JdkHttpClient-0-3"          daemon [_thread_blocked, id=15276, stack(0x0000001b37000000,0x0000001b37100000) (1024K)]
  0x00000192fe9d2860 JavaThread "HttpClient-2-SelectorManager" daemon [_thread_in_native, id=5396, stack(0x0000001b37100000,0x0000001b37200000) (1024K)]
  0x00000192fe9d14b0 JavaThread "JdkHttpClient-1-0"          daemon [_thread_blocked, id=8596, stack(0x0000001b37200000,0x0000001b37300000) (1024K)]
  0x00000192fe9d1b40 JavaThread "JdkHttpClient-1-1"          daemon [_thread_blocked, id=11952, stack(0x0000001b37300000,0x0000001b37400000) (1024K)]
  0x00000192feec7e30 JavaThread "JdkHttpClient-1-2"          daemon [_thread_blocked, id=9552, stack(0x0000001b37400000,0x0000001b37500000) (1024K)]
  0x00000192feec84c0 JavaThread "JdkHttpClient-1-3"          daemon [_thread_blocked, id=9676, stack(0x0000001b37500000,0x0000001b37600000) (1024K)]
  0x00000192feec7110 JavaThread "HttpClient-3-SelectorManager" daemon [_thread_in_native, id=17400, stack(0x0000001b37600000,0x0000001b37700000) (1024K)]
  0x00000192feec91e0 JavaThread "JdkHttpClient-2-0"          daemon [_thread_blocked, id=4484, stack(0x0000001b37a00000,0x0000001b37b00000) (1024K)]
  0x00000192feec9870 JavaThread "JdkHttpClient-2-1"          daemon [_thread_blocked, id=15264, stack(0x0000001b37b00000,0x0000001b37c00000) (1024K)]
  0x00000192feec63f0 JavaThread "JdkHttpClient-2-2"          daemon [_thread_blocked, id=6916, stack(0x0000001b37c00000,0x0000001b37d00000) (1024K)]
  0x00000192feecccf0 JavaThread "JdkHttpClient-2-3"          daemon [_thread_blocked, id=11020, stack(0x0000001b37d00000,0x0000001b37e00000) (1024K)]
  0x00000192feecac20 JavaThread "Keep-Alive-Timer"           daemon [_thread_blocked, id=17844, stack(0x0000001b36700000,0x0000001b36800000) (1024K)]
  0x00000192feec8b50 JavaThread "HttpClient-4-SelectorManager" daemon [_thread_in_native, id=17920, stack(0x0000001b37700000,0x0000001b37800000) (1024K)]
  0x00000192feec77a0 JavaThread "External Process Output Forwarder - C:\Users\Kavya Rajendran\.cache\selenium\chromedriver\win64\146.0.7680.165\chromedriver.exe" daemon [_thread_in_native, id=17932, stack(0x0000001b37800000,0x0000001b37900000) (1024K)]
  0x00000192feec6a80 JavaThread "Driver Service Executor"    daemon [_thread_blocked, id=17936, stack(0x0000001b37900000,0x0000001b37a00000) (1024K)]
  0x00000192feecc660 JavaThread "Driver Service Executor"    daemon [_thread_in_native, id=17940, stack(0x0000001b37e00000,0x0000001b37f00000) (1024K)]
  0x00000192feecd380 JavaThread "JdkHttpClient-3-0"          daemon [_thread_blocked, id=18004, stack(0x0000001b37f00000,0x0000001b38000000) (1024K)]
  0x00000192feec9f00 JavaThread "JdkHttpClient-3-1"          daemon [_thread_blocked, id=18008, stack(0x0000001b38000000,0x0000001b38100000) (1024K)]
  0x00000192feecda10 JavaThread "JdkHttpClient-3-2"          daemon [_thread_blocked, id=18012, stack(0x0000001b38100000,0x0000001b38200000) (1024K)]
  0x00000192feeca590 JavaThread "JdkHttpClient-3-3"          daemon [_thread_blocked, id=18016, stack(0x0000001b38200000,0x0000001b38300000) (1024K)]
  0x00000192feecb2b0 JavaThread "HttpClient-5-SelectorManager" daemon [_thread_in_native, id=17452, stack(0x0000001b38300000,0x0000001b38400000) (1024K)]
  0x00000192feecb940 JavaThread "JdkHttpClient-4-0"          daemon [_thread_blocked, id=17504, stack(0x0000001b38400000,0x0000001b38500000) (1024K)]
  0x00000192feecbfd0 JavaThread "JdkHttpClient-4-1"          daemon [_thread_blocked, id=17500, stack(0x0000001b38500000,0x0000001b38600000) (1024K)]
  0x00000192fe9cf3e0 JavaThread "JdkHttpClient-4-2"          daemon [_thread_blocked, id=17496, stack(0x0000001b38600000,0x0000001b38700000) (1024K)]
  0x00000192fe186ca0 JavaThread "JdkHttpClient-4-3"          daemon [_thread_blocked, id=17480, stack(0x0000001b38700000,0x0000001b38800000) (1024K)]
Total: 47

Other Threads:
  0x00000192fd9761a0 VMThread "VM Thread"                           [id=4600, stack(0x0000001b35000000,0x0000001b35100000) (1024K)]
  0x00000192fd95c1d0 WatcherThread "VM Periodic Task Thread"        [id=5016, stack(0x0000001b34f00000,0x0000001b35000000) (1024K)]
  0x00000192f4b4b640 WorkerThread "GC Thread#0"                     [id=8344, stack(0x0000001b34a00000,0x0000001b34b00000) (1024K)]
  0x00000192fd9756c0 WorkerThread "GC Thread#1"                     [id=15140, stack(0x0000001b35f00000,0x0000001b36000000) (1024K)]
  0x00000192fd974be0 WorkerThread "GC Thread#2"                     [id=13068, stack(0x0000001b36000000,0x0000001b36100000) (1024K)]
  0x00000192fd975a60 WorkerThread "GC Thread#3"                     [id=13064, stack(0x0000001b36100000,0x0000001b36200000) (1024K)]
  0x00000192fd975e00 WorkerThread "GC Thread#4"                     [id=6320, stack(0x0000001b36200000,0x0000001b36300000) (1024K)]
  0x00000192fd974f80 WorkerThread "GC Thread#5"                     [id=9396, stack(0x0000001b36300000,0x0000001b36400000) (1024K)]
  0x00000192fd975320 WorkerThread "GC Thread#6"                     [id=7924, stack(0x0000001b36400000,0x0000001b36500000) (1024K)]
  0x00000192fd974840 WorkerThread "GC Thread#7"                     [id=10972, stack(0x0000001b36500000,0x0000001b36600000) (1024K)]
  0x00000192f4b5e7a0 ConcurrentGCThread "G1 Main Marker"            [id=7084, stack(0x0000001b34b00000,0x0000001b34c00000) (1024K)]
  0x00000192f4b64850 WorkerThread "G1 Conc#0"                       [id=16712, stack(0x0000001b34c00000,0x0000001b34d00000) (1024K)]
  0x00000192f4baeb80 ConcurrentGCThread "G1 Refine#0"               [id=4380, stack(0x0000001b34d00000,0x0000001b34e00000) (1024K)]
  0x00000192fd81f7b0 ConcurrentGCThread "G1 Service"                [id=12780, stack(0x0000001b34e00000,0x0000001b34f00000) (1024K)]
Total: 14

Threads with active compile tasks:
C2 CompilerThread0  36073 2631       4       java.util.regex.Pattern$CharProperty::match (71 bytes)
Total: 1

VM state: not at safepoint (normal execution)

VM Mutex/Monitor currently owned by a thread: None

Heap address: 0x0000000081e00000, size: 2018 MB, Compressed Oops mode: 32-bit

CDS archive(s) mapped at: [0x000001928f000000-0x000001928fc80000-0x000001928fc80000), size 13107200, SharedBaseAddress: 0x000001928f000000, ArchiveRelocationMode: 1.
Compressed class space mapped at: 0x0000019290000000-0x00000192d0000000, reserved size: 1073741824
Narrow klass base: 0x000001928f000000, Narrow klass shift: 0, Narrow klass range: 0x100000000

GC Precious Log:
 CardTable entry size: 512
 Card Set container configuration: InlinePtr #cards 5 size 8 Array Of Cards #cards 12 size 40 Howl #buckets 4 coarsen threshold 1843 Howl Bitmap #cards 512 size 80 coarsen threshold 460 Card regions per heap region 1 cards per card region 2048
 CPUs: 8 total, 8 available
 Memory: 8070M
 Large Page Support: Disabled
 NUMA Support: Disabled
 Compressed Oops: Enabled (32-bit)
 Heap Region Size: 1M
 Heap Min Capacity: 8M
 Heap Initial Capacity: 128M
 Heap Max Capacity: 2018M
 Pre-touch: Disabled
 Parallel Workers: 8
 Concurrent Workers: 2
 Concurrent Refinement Workers: 8
 Periodic GC: Disabled

Heap:
 garbage-first heap   total 131072K, used 21619K [0x0000000081e00000, 0x0000000100000000)
  region size 1024K, 17 young (17408K), 4 survivors (4096K)
 Metaspace       used 18226K, committed 18688K, reserved 1114112K
  class space    used 2227K, committed 2432K, reserved 1048576K

Heap Regions: E=young(eden), S=young(survivor), O=old, HS=humongous(starts), HC=humongous(continues), CS=collection set, F=free, TAMS=top-at-mark-start, PB=parsable bottom
|   0|0x0000000081e00000, 0x0000000081f00000, 0x0000000081f00000|100%|HS|  |TAMS 0x0000000081e00000| PB 0x0000000081e00000| Complete 
|   1|0x0000000081f00000, 0x0000000082000000, 0x0000000082000000|100%| O|  |TAMS 0x0000000081f00000| PB 0x0000000081f00000| Untracked 
|   2|0x0000000082000000, 0x0000000082100000, 0x0000000082100000|100%| O|  |TAMS 0x0000000082000000| PB 0x0000000082000000| Untracked 
|   3|0x0000000082100000, 0x0000000082200000, 0x0000000082200000|100%| O|  |TAMS 0x0000000082100000| PB 0x0000000082100000| Untracked 
|   4|0x0000000082200000, 0x0000000082300000, 0x0000000082300000|100%| O|  |TAMS 0x0000000082200000| PB 0x0000000082200000| Untracked 
|   5|0x0000000082300000, 0x0000000082400000, 0x0000000082400000|100%| O|  |TAMS 0x0000000082300000| PB 0x0000000082300000| Untracked 
|   6|0x0000000082400000, 0x000000008249bed8, 0x0000000082500000| 60%| O|  |TAMS 0x0000000082400000| PB 0x0000000082400000| Untracked 
|   7|0x0000000082500000, 0x0000000082500000, 0x0000000082600000|  0%| F|  |TAMS 0x0000000082500000| PB 0x0000000082500000| Untracked 
|   8|0x0000000082600000, 0x0000000082600000, 0x0000000082700000|  0%| F|  |TAMS 0x0000000082600000| PB 0x0000000082600000| Untracked 
|   9|0x0000000082700000, 0x0000000082700000, 0x0000000082800000|  0%| F|  |TAMS 0x0000000082700000| PB 0x0000000082700000| Untracked 
|  10|0x0000000082800000, 0x0000000082800000, 0x0000000082900000|  0%| F|  |TAMS 0x0000000082800000| PB 0x0000000082800000| Untracked 
|  11|0x0000000082900000, 0x0000000082900000, 0x0000000082a00000|  0%| F|  |TAMS 0x0000000082900000| PB 0x0000000082900000| Untracked 
|  12|0x0000000082a00000, 0x0000000082a00000, 0x0000000082b00000|  0%| F|  |TAMS 0x0000000082a00000| PB 0x0000000082a00000| Untracked 
|  13|0x0000000082b00000, 0x0000000082b00000, 0x0000000082c00000|  0%| F|  |TAMS 0x0000000082b00000| PB 0x0000000082b00000| Untracked 
|  14|0x0000000082c00000, 0x0000000082c00000, 0x0000000082d00000|  0%| F|  |TAMS 0x0000000082c00000| PB 0x0000000082c00000| Untracked 
|  15|0x0000000082d00000, 0x0000000082d00000, 0x0000000082e00000|  0%| F|  |TAMS 0x0000000082d00000| PB 0x0000000082d00000| Untracked 
|  16|0x0000000082e00000, 0x0000000082e00000, 0x0000000082f00000|  0%| F|  |TAMS 0x0000000082e00000| PB 0x0000000082e00000| Untracked 
|  17|0x0000000082f00000, 0x0000000082f00000, 0x0000000083000000|  0%| F|  |TAMS 0x0000000082f00000| PB 0x0000000082f00000| Untracked 
|  18|0x0000000083000000, 0x0000000083000000, 0x0000000083100000|  0%| F|  |TAMS 0x0000000083000000| PB 0x0000000083000000| Untracked 
|  19|0x0000000083100000, 0x0000000083100000, 0x0000000083200000|  0%| F|  |TAMS 0x0000000083100000| PB 0x0000000083100000| Untracked 
|  20|0x0000000083200000, 0x0000000083200000, 0x0000000083300000|  0%| F|  |TAMS 0x0000000083200000| PB 0x0000000083200000| Untracked 
|  21|0x0000000083300000, 0x0000000083300000, 0x0000000083400000|  0%| F|  |TAMS 0x0000000083300000| PB 0x0000000083300000| Untracked 
|  22|0x0000000083400000, 0x0000000083400000, 0x0000000083500000|  0%| F|  |TAMS 0x0000000083400000| PB 0x0000000083400000| Untracked 
|  23|0x0000000083500000, 0x0000000083500000, 0x0000000083600000|  0%| F|  |TAMS 0x0000000083500000| PB 0x0000000083500000| Untracked 
|  24|0x0000000083600000, 0x0000000083600000, 0x0000000083700000|  0%| F|  |TAMS 0x0000000083600000| PB 0x0000000083600000| Untracked 
|  25|0x0000000083700000, 0x0000000083700000, 0x0000000083800000|  0%| F|  |TAMS 0x0000000083700000| PB 0x0000000083700000| Untracked 
|  26|0x0000000083800000, 0x0000000083800000, 0x0000000083900000|  0%| F|  |TAMS 0x0000000083800000| PB 0x0000000083800000| Untracked 
|  27|0x0000000083900000, 0x0000000083900000, 0x0000000083a00000|  0%| F|  |TAMS 0x0000000083900000| PB 0x0000000083900000| Untracked 
|  28|0x0000000083a00000, 0x0000000083a00000, 0x0000000083b00000|  0%| F|  |TAMS 0x0000000083a00000| PB 0x0000000083a00000| Untracked 
|  29|0x0000000083b00000, 0x0000000083b00000, 0x0000000083c00000|  0%| F|  |TAMS 0x0000000083b00000| PB 0x0000000083b00000| Untracked 
|  30|0x0000000083c00000, 0x0000000083c00000, 0x0000000083d00000|  0%| F|  |TAMS 0x0000000083c00000| PB 0x0000000083c00000| Untracked 
|  31|0x0000000083d00000, 0x0000000083d00000, 0x0000000083e00000|  0%| F|  |TAMS 0x0000000083d00000| PB 0x0000000083d00000| Untracked 
|  32|0x0000000083e00000, 0x0000000083e00000, 0x0000000083f00000|  0%| F|  |TAMS 0x0000000083e00000| PB 0x0000000083e00000| Untracked 
|  33|0x0000000083f00000, 0x0000000083f00000, 0x0000000084000000|  0%| F|  |TAMS 0x0000000083f00000| PB 0x0000000083f00000| Untracked 
|  34|0x0000000084000000, 0x0000000084000000, 0x0000000084100000|  0%| F|  |TAMS 0x0000000084000000| PB 0x0000000084000000| Untracked 
|  35|0x0000000084100000, 0x0000000084100000, 0x0000000084200000|  0%| F|  |TAMS 0x0000000084100000| PB 0x0000000084100000| Untracked 
|  36|0x0000000084200000, 0x0000000084200000, 0x0000000084300000|  0%| F|  |TAMS 0x0000000084200000| PB 0x0000000084200000| Untracked 
|  37|0x0000000084300000, 0x0000000084300000, 0x0000000084400000|  0%| F|  |TAMS 0x0000000084300000| PB 0x0000000084300000| Untracked 
|  38|0x0000000084400000, 0x0000000084400000, 0x0000000084500000|  0%| F|  |TAMS 0x0000000084400000| PB 0x0000000084400000| Untracked 
|  39|0x0000000084500000, 0x0000000084500000, 0x0000000084600000|  0%| F|  |TAMS 0x0000000084500000| PB 0x0000000084500000| Untracked 
|  40|0x0000000084600000, 0x0000000084600000, 0x0000000084700000|  0%| F|  |TAMS 0x0000000084600000| PB 0x0000000084600000| Untracked 
|  41|0x0000000084700000, 0x0000000084700000, 0x0000000084800000|  0%| F|  |TAMS 0x0000000084700000| PB 0x0000000084700000| Untracked 
|  42|0x0000000084800000, 0x0000000084800000, 0x0000000084900000|  0%| F|  |TAMS 0x0000000084800000| PB 0x0000000084800000| Untracked 
|  43|0x0000000084900000, 0x0000000084900000, 0x0000000084a00000|  0%| F|  |TAMS 0x0000000084900000| PB 0x0000000084900000| Untracked 
|  44|0x0000000084a00000, 0x0000000084a00000, 0x0000000084b00000|  0%| F|  |TAMS 0x0000000084a00000| PB 0x0000000084a00000| Untracked 
|  45|0x0000000084b00000, 0x0000000084b00000, 0x0000000084c00000|  0%| F|  |TAMS 0x0000000084b00000| PB 0x0000000084b00000| Untracked 
|  46|0x0000000084c00000, 0x0000000084c00000, 0x0000000084d00000|  0%| F|  |TAMS 0x0000000084c00000| PB 0x0000000084c00000| Untracked 
|  47|0x0000000084d00000, 0x0000000084d00000, 0x0000000084e00000|  0%| F|  |TAMS 0x0000000084d00000| PB 0x0000000084d00000| Untracked 
|  48|0x0000000084e00000, 0x0000000084e00000, 0x0000000084f00000|  0%| F|  |TAMS 0x0000000084e00000| PB 0x0000000084e00000| Untracked 
|  49|0x0000000084f00000, 0x0000000084f00000, 0x0000000085000000|  0%| F|  |TAMS 0x0000000084f00000| PB 0x0000000084f00000| Untracked 
|  50|0x0000000085000000, 0x0000000085000000, 0x0000000085100000|  0%| F|  |TAMS 0x0000000085000000| PB 0x0000000085000000| Untracked 
|  51|0x0000000085100000, 0x0000000085100000, 0x0000000085200000|  0%| F|  |TAMS 0x0000000085100000| PB 0x0000000085100000| Untracked 
|  52|0x0000000085200000, 0x0000000085200000, 0x0000000085300000|  0%| F|  |TAMS 0x0000000085200000| PB 0x0000000085200000| Untracked 
|  53|0x0000000085300000, 0x0000000085300000, 0x0000000085400000|  0%| F|  |TAMS 0x0000000085300000| PB 0x0000000085300000| Untracked 
|  54|0x0000000085400000, 0x0000000085400000, 0x0000000085500000|  0%| F|  |TAMS 0x0000000085400000| PB 0x0000000085400000| Untracked 
|  55|0x0000000085500000, 0x0000000085500000, 0x0000000085600000|  0%| F|  |TAMS 0x0000000085500000| PB 0x0000000085500000| Untracked 
|  56|0x0000000085600000, 0x0000000085600000, 0x0000000085700000|  0%| F|  |TAMS 0x0000000085600000| PB 0x0000000085600000| Untracked 
|  57|0x0000000085700000, 0x0000000085700000, 0x0000000085800000|  0%| F|  |TAMS 0x0000000085700000| PB 0x0000000085700000| Untracked 
|  58|0x0000000085800000, 0x0000000085800000, 0x0000000085900000|  0%| F|  |TAMS 0x0000000085800000| PB 0x0000000085800000| Untracked 
|  59|0x0000000085900000, 0x0000000085900000, 0x0000000085a00000|  0%| F|  |TAMS 0x0000000085900000| PB 0x0000000085900000| Untracked 
|  60|0x0000000085a00000, 0x0000000085a00000, 0x0000000085b00000|  0%| F|  |TAMS 0x0000000085a00000| PB 0x0000000085a00000| Untracked 
|  61|0x0000000085b00000, 0x0000000085b00000, 0x0000000085c00000|  0%| F|  |TAMS 0x0000000085b00000| PB 0x0000000085b00000| Untracked 
|  62|0x0000000085c00000, 0x0000000085c00000, 0x0000000085d00000|  0%| F|  |TAMS 0x0000000085c00000| PB 0x0000000085c00000| Untracked 
|  63|0x0000000085d00000, 0x0000000085d00000, 0x0000000085e00000|  0%| F|  |TAMS 0x0000000085d00000| PB 0x0000000085d00000| Untracked 
|  64|0x0000000085e00000, 0x0000000085e00000, 0x0000000085f00000|  0%| F|  |TAMS 0x0000000085e00000| PB 0x0000000085e00000| Untracked 
|  65|0x0000000085f00000, 0x0000000085f00000, 0x0000000086000000|  0%| F|  |TAMS 0x0000000085f00000| PB 0x0000000085f00000| Untracked 
|  66|0x0000000086000000, 0x0000000086000000, 0x0000000086100000|  0%| F|  |TAMS 0x0000000086000000| PB 0x0000000086000000| Untracked 
|  67|0x0000000086100000, 0x0000000086100000, 0x0000000086200000|  0%| F|  |TAMS 0x0000000086100000| PB 0x0000000086100000| Untracked 
|  68|0x0000000086200000, 0x0000000086200000, 0x0000000086300000|  0%| F|  |TAMS 0x0000000086200000| PB 0x0000000086200000| Untracked 
|  69|0x0000000086300000, 0x0000000086300000, 0x0000000086400000|  0%| F|  |TAMS 0x0000000086300000| PB 0x0000000086300000| Untracked 
|  70|0x0000000086400000, 0x0000000086400000, 0x0000000086500000|  0%| F|  |TAMS 0x0000000086400000| PB 0x0000000086400000| Untracked 
|  71|0x0000000086500000, 0x0000000086500000, 0x0000000086600000|  0%| F|  |TAMS 0x0000000086500000| PB 0x0000000086500000| Untracked 
|  72|0x0000000086600000, 0x0000000086600000, 0x0000000086700000|  0%| F|  |TAMS 0x0000000086600000| PB 0x0000000086600000| Untracked 
|  73|0x0000000086700000, 0x0000000086700000, 0x0000000086800000|  0%| F|  |TAMS 0x0000000086700000| PB 0x0000000086700000| Untracked 
|  74|0x0000000086800000, 0x0000000086800000, 0x0000000086900000|  0%| F|  |TAMS 0x0000000086800000| PB 0x0000000086800000| Untracked 
|  75|0x0000000086900000, 0x0000000086900000, 0x0000000086a00000|  0%| F|  |TAMS 0x0000000086900000| PB 0x0000000086900000| Untracked 
|  76|0x0000000086a00000, 0x0000000086a00000, 0x0000000086b00000|  0%| F|  |TAMS 0x0000000086a00000| PB 0x0000000086a00000| Untracked 
|  77|0x0000000086b00000, 0x0000000086b00000, 0x0000000086c00000|  0%| F|  |TAMS 0x0000000086b00000| PB 0x0000000086b00000| Untracked 
|  78|0x0000000086c00000, 0x0000000086c00000, 0x0000000086d00000|  0%| F|  |TAMS 0x0000000086c00000| PB 0x0000000086c00000| Untracked 
|  79|0x0000000086d00000, 0x0000000086d00000, 0x0000000086e00000|  0%| F|  |TAMS 0x0000000086d00000| PB 0x0000000086d00000| Untracked 
|  80|0x0000000086e00000, 0x0000000086e00000, 0x0000000086f00000|  0%| F|  |TAMS 0x0000000086e00000| PB 0x0000000086e00000| Untracked 
|  81|0x0000000086f00000, 0x0000000086f00000, 0x0000000087000000|  0%| F|  |TAMS 0x0000000086f00000| PB 0x0000000086f00000| Untracked 
|  82|0x0000000087000000, 0x0000000087000000, 0x0000000087100000|  0%| F|  |TAMS 0x0000000087000000| PB 0x0000000087000000| Untracked 
|  83|0x0000000087100000, 0x0000000087100000, 0x0000000087200000|  0%| F|  |TAMS 0x0000000087100000| PB 0x0000000087100000| Untracked 
|  84|0x0000000087200000, 0x0000000087200000, 0x0000000087300000|  0%| F|  |TAMS 0x0000000087200000| PB 0x0000000087200000| Untracked 
|  85|0x0000000087300000, 0x0000000087300000, 0x0000000087400000|  0%| F|  |TAMS 0x0000000087300000| PB 0x0000000087300000| Untracked 
|  86|0x0000000087400000, 0x0000000087400000, 0x0000000087500000|  0%| F|  |TAMS 0x0000000087400000| PB 0x0000000087400000| Untracked 
|  87|0x0000000087500000, 0x0000000087500000, 0x0000000087600000|  0%| F|  |TAMS 0x0000000087500000| PB 0x0000000087500000| Untracked 
|  88|0x0000000087600000, 0x0000000087600000, 0x0000000087700000|  0%| F|  |TAMS 0x0000000087600000| PB 0x0000000087600000| Untracked 
|  89|0x0000000087700000, 0x0000000087700000, 0x0000000087800000|  0%| F|  |TAMS 0x0000000087700000| PB 0x0000000087700000| Untracked 
|  90|0x0000000087800000, 0x0000000087800000, 0x0000000087900000|  0%| F|  |TAMS 0x0000000087800000| PB 0x0000000087800000| Untracked 
|  91|0x0000000087900000, 0x0000000087900000, 0x0000000087a00000|  0%| F|  |TAMS 0x0000000087900000| PB 0x0000000087900000| Untracked 
|  92|0x0000000087a00000, 0x0000000087a810d0, 0x0000000087b00000| 50%| S|CS|TAMS 0x0000000087a00000| PB 0x0000000087a00000| Complete 
|  93|0x0000000087b00000, 0x0000000087c00000, 0x0000000087c00000|100%| S|CS|TAMS 0x0000000087b00000| PB 0x0000000087b00000| Complete 
|  94|0x0000000087c00000, 0x0000000087d00000, 0x0000000087d00000|100%| S|CS|TAMS 0x0000000087c00000| PB 0x0000000087c00000| Complete 
|  95|0x0000000087d00000, 0x0000000087e00000, 0x0000000087e00000|100%| S|CS|TAMS 0x0000000087d00000| PB 0x0000000087d00000| Complete 
|  96|0x0000000087e00000, 0x0000000087e00000, 0x0000000087f00000|  0%| F|  |TAMS 0x0000000087e00000| PB 0x0000000087e00000| Untracked 
|  97|0x0000000087f00000, 0x0000000087f00000, 0x0000000088000000|  0%| F|  |TAMS 0x0000000087f00000| PB 0x0000000087f00000| Untracked 
|  98|0x0000000088000000, 0x0000000088000000, 0x0000000088100000|  0%| F|  |TAMS 0x0000000088000000| PB 0x0000000088000000| Untracked 
|  99|0x0000000088100000, 0x0000000088100000, 0x0000000088200000|  0%| F|  |TAMS 0x0000000088100000| PB 0x0000000088100000| Untracked 
| 100|0x0000000088200000, 0x0000000088200000, 0x0000000088300000|  0%| F|  |TAMS 0x0000000088200000| PB 0x0000000088200000| Untracked 
| 101|0x0000000088300000, 0x0000000088300000, 0x0000000088400000|  0%| F|  |TAMS 0x0000000088300000| PB 0x0000000088300000| Untracked 
| 102|0x0000000088400000, 0x0000000088400000, 0x0000000088500000|  0%| F|  |TAMS 0x0000000088400000| PB 0x0000000088400000| Untracked 
| 103|0x0000000088500000, 0x0000000088500000, 0x0000000088600000|  0%| F|  |TAMS 0x0000000088500000| PB 0x0000000088500000| Untracked 
| 104|0x0000000088600000, 0x0000000088600000, 0x0000000088700000|  0%| F|  |TAMS 0x0000000088600000| PB 0x0000000088600000| Untracked 
| 105|0x0000000088700000, 0x0000000088700000, 0x0000000088800000|  0%| F|  |TAMS 0x0000000088700000| PB 0x0000000088700000| Untracked 
| 106|0x0000000088800000, 0x0000000088800000, 0x0000000088900000|  0%| F|  |TAMS 0x0000000088800000| PB 0x0000000088800000| Untracked 
| 107|0x0000000088900000, 0x0000000088900000, 0x0000000088a00000|  0%| F|  |TAMS 0x0000000088900000| PB 0x0000000088900000| Untracked 
| 108|0x0000000088a00000, 0x0000000088a00000, 0x0000000088b00000|  0%| F|  |TAMS 0x0000000088a00000| PB 0x0000000088a00000| Untracked 
| 109|0x0000000088b00000, 0x0000000088b00000, 0x0000000088c00000|  0%| F|  |TAMS 0x0000000088b00000| PB 0x0000000088b00000| Untracked 
| 110|0x0000000088c00000, 0x0000000088c00000, 0x0000000088d00000|  0%| F|  |TAMS 0x0000000088c00000| PB 0x0000000088c00000| Untracked 
| 111|0x0000000088d00000, 0x0000000088d00000, 0x0000000088e00000|  0%| F|  |TAMS 0x0000000088d00000| PB 0x0000000088d00000| Untracked 
| 112|0x0000000088e00000, 0x0000000088e00000, 0x0000000088f00000|  0%| F|  |TAMS 0x0000000088e00000| PB 0x0000000088e00000| Untracked 
| 113|0x0000000088f00000, 0x0000000088f00000, 0x0000000089000000|  0%| F|  |TAMS 0x0000000088f00000| PB 0x0000000088f00000| Untracked 
| 114|0x0000000089000000, 0x0000000089000000, 0x0000000089100000|  0%| F|  |TAMS 0x0000000089000000| PB 0x0000000089000000| Untracked 
| 115|0x0000000089100000, 0x000000008917f0d0, 0x0000000089200000| 49%| E|  |TAMS 0x0000000089100000| PB 0x0000000089100000| Complete 
| 116|0x0000000089200000, 0x0000000089300000, 0x0000000089300000|100%| E|CS|TAMS 0x0000000089200000| PB 0x0000000089200000| Complete 
| 117|0x0000000089300000, 0x0000000089400000, 0x0000000089400000|100%| E|CS|TAMS 0x0000000089300000| PB 0x0000000089300000| Complete 
| 118|0x0000000089400000, 0x0000000089500000, 0x0000000089500000|100%| E|CS|TAMS 0x0000000089400000| PB 0x0000000089400000| Complete 
| 119|0x0000000089500000, 0x0000000089600000, 0x0000000089600000|100%| E|CS|TAMS 0x0000000089500000| PB 0x0000000089500000| Complete 
| 120|0x0000000089600000, 0x0000000089700000, 0x0000000089700000|100%| E|CS|TAMS 0x0000000089600000| PB 0x0000000089600000| Complete 
| 121|0x0000000089700000, 0x0000000089800000, 0x0000000089800000|100%| E|  |TAMS 0x0000000089700000| PB 0x0000000089700000| Complete 
| 122|0x0000000089800000, 0x0000000089900000, 0x0000000089900000|100%| E|CS|TAMS 0x0000000089800000| PB 0x0000000089800000| Complete 
| 123|0x0000000089900000, 0x0000000089a00000, 0x0000000089a00000|100%| E|CS|TAMS 0x0000000089900000| PB 0x0000000089900000| Complete 
| 124|0x0000000089a00000, 0x0000000089b00000, 0x0000000089b00000|100%| E|CS|TAMS 0x0000000089a00000| PB 0x0000000089a00000| Complete 
| 125|0x0000000089b00000, 0x0000000089c00000, 0x0000000089c00000|100%| E|CS|TAMS 0x0000000089b00000| PB 0x0000000089b00000| Complete 
| 126|0x0000000089c00000, 0x0000000089d00000, 0x0000000089d00000|100%| E|CS|TAMS 0x0000000089c00000| PB 0x0000000089c00000| Complete 
| 127|0x0000000089d00000, 0x0000000089e00000, 0x0000000089e00000|100%| E|CS|TAMS 0x0000000089d00000| PB 0x0000000089d00000| Complete 

Card table byte_map: [0x00000192f8bc0000,0x00000192f8fc0000] _byte_map_base: 0x00000192f87b1000

Marking Bits: (CMBitMap*) 0x00000192f4b4bc50
 Bits: [0x00000192f8fc0000, 0x00000192faf48000)

Polling page: 0x00000192f2910000

Metaspace:

Usage:
  Non-class:     15.62 MB used.
      Class:      2.18 MB used.
       Both:     17.80 MB used.

Virtual space:
  Non-class space:       64.00 MB reserved,      15.88 MB ( 25%) committed,  1 nodes.
      Class space:        1.00 GB reserved,       2.38 MB ( <1%) committed,  1 nodes.
             Both:        1.06 GB reserved,      18.25 MB (  2%) committed. 

Chunk freelists:
   Non-Class:  15.81 MB
       Class:  13.65 MB
        Both:  29.47 MB

MaxMetaspaceSize: unlimited
CompressedClassSpaceSize: 1.00 GB
Initial GC threshold: 21.00 MB
Current GC threshold: 21.00 MB
CDS: on
 - commit_granule_bytes: 65536.
 - commit_granule_words: 8192.
 - virtual_space_node_default_size: 8388608.
 - enlarge_chunks_in_place: 1.
 - use_allocation_guard: 0.


Internal statistics:

num_allocs_failed_limit: 0.
num_arena_births: 574.
num_arena_deaths: 0.
num_vsnodes_births: 2.
num_vsnodes_deaths: 0.
num_space_committed: 292.
num_space_uncommitted: 0.
num_chunks_returned_to_freelist: 0.
num_chunks_taken_from_freelist: 1110.
num_chunk_merges: 0.
num_chunk_splits: 649.
num_chunks_enlarged: 339.
num_inconsistent_stats: 0.

CodeHeap 'non-profiled nmethods': size=120000Kb used=974Kb max_used=974Kb free=119025Kb
 bounds [0x0000019287ad0000, 0x0000019287d40000, 0x000001928f000000]
CodeHeap 'profiled nmethods': size=120000Kb used=5010Kb max_used=5010Kb free=114990Kb
 bounds [0x0000019280000000, 0x00000192804f0000, 0x0000019287530000]
CodeHeap 'non-nmethods': size=5760Kb used=1521Kb max_used=1577Kb free=4238Kb
 bounds [0x0000019287530000, 0x00000192877a0000, 0x0000019287ad0000]
CodeCache: size=245760Kb, used=7505Kb, max_used=7561Kb, free=238253Kb
 total_blobs=3238, nmethods=2648, adapters=494, full_count=0
Compilation: enabled, stopped_count=0, restarted_count=0

Compilation events (20 events):
Event: 32.887 Thread 0x00000192fd9c3430 nmethod 2647 0x0000019287bc3310 code [0x0000019287bc34a0, 0x0000019287bc3568]
Event: 32.887 Thread 0x00000192fd9c3430 2649       3       org.testng.reporters.XMLUtils::escape (133 bytes)
Event: 32.890 Thread 0x00000192fd9c3430 nmethod 2649 0x00000192804d3990 code [0x00000192804d3c60, 0x00000192804d4778]
Event: 32.890 Thread 0x00000192fd9c3430 2648       3       java.util.concurrent.ConcurrentHashMap$EntryIterator::next (51 bytes)
Event: 32.892 Thread 0x00000192fd9c3430 nmethod 2648 0x00000192804d4b90 code [0x00000192804d4d80, 0x00000192804d5298]
Event: 32.892 Thread 0x00000192fd9c3430 2652   !   3       java.io.PrintWriter::implWrite (36 bytes)
Event: 32.893 Thread 0x00000192fd9c3430 nmethod 2652 0x00000192804d5410 code [0x00000192804d5620, 0x00000192804d5b40]
Event: 32.893 Thread 0x00000192fd9c3430 2651       3       java.lang.System::lineSeparator (4 bytes)
Event: 32.894 Thread 0x00000192fd9c3430 nmethod 2651 0x00000192804d5e10 code [0x00000192804d5fa0, 0x00000192804d6098]
Event: 32.894 Thread 0x00000192fd9c3430 2650       3       java.util.concurrent.ConcurrentHashMap$BaseIterator::<init> (21 bytes)
Event: 32.895 Thread 0x00000192fd9c3430 nmethod 2650 0x00000192804d6110 code [0x00000192804d62c0, 0x00000192804d64a0]
Event: 32.895 Thread 0x00000192fd9c3430 2653       3       java.util.regex.Pattern$TreeInfo::reset (21 bytes)
Event: 32.896 Thread 0x00000192fd9c3430 nmethod 2653 0x00000192804d6590 code [0x00000192804d6720, 0x00000192804d6840]
Event: 32.896 Thread 0x00000192fd9c3430 2654  s    1       java.util.Vector::size (5 bytes)
Event: 32.896 Thread 0x00000192fd9c3430 nmethod 2654 0x0000019287bc3610 code [0x0000019287bc37a0, 0x0000019287bc3928]
Event: 32.897 Thread 0x00000192fd9c3430 2655       3       jdk.internal.misc.Unsafe::storeFence (5 bytes)
Event: 32.897 Thread 0x00000192fd9c3430 nmethod 2655 0x00000192804d6910 code [0x00000192804d6aa0, 0x00000192804d6bc0]
Event: 33.908 Thread 0x00000192fd9c3430 2656       3       java.util.regex.Pattern::lambda$Range$18 (7 bytes)
Event: 33.909 Thread 0x00000192fd9c3430 nmethod 2656 0x00000192804d6c90 code [0x00000192804d6e40, 0x00000192804d7008]
Event: 33.915 Thread 0x00000192fd9c3430 2657       3       java.util.regex.Pattern::compile (537 bytes)

GC Heap History (4 events):
Event: 6.380 GC heap before
{Heap before GC invocations=0 (full 0):
 garbage-first heap   total 131072K, used 23552K [0x0000000081e00000, 0x0000000100000000)
  region size 1024K, 23 young (23552K), 0 survivors (0K)
 Metaspace       used 7716K, committed 8000K, reserved 1114112K
  class space    used 907K, committed 1024K, reserved 1048576K
}
Event: 6.400 GC heap after
{Heap after GC invocations=1 (full 0):
 garbage-first heap   total 131072K, used 6432K [0x0000000081e00000, 0x0000000100000000)
  region size 1024K, 3 young (3072K), 3 survivors (3072K)
 Metaspace       used 7716K, committed 8000K, reserved 1114112K
  class space    used 907K, committed 1024K, reserved 1048576K
}
Event: 11.071 GC heap before
{Heap before GC invocations=1 (full 0):
 garbage-first heap   total 131072K, used 35104K [0x0000000081e00000, 0x0000000100000000)
  region size 1024K, 32 young (32768K), 3 survivors (3072K)
 Metaspace       used 16864K, committed 17280K, reserved 1114112K
  class space    used 2081K, committed 2240K, reserved 1048576K
}
Event: 11.091 GC heap after
{Heap after GC invocations=2 (full 0):
 garbage-first heap   total 131072K, used 10355K [0x0000000081e00000, 0x0000000100000000)
  region size 1024K, 4 young (4096K), 4 survivors (4096K)
 Metaspace       used 16864K, committed 17280K, reserved 1114112K
  class space    used 2081K, committed 2240K, reserved 1048576K
}

Dll operation events (10 events):
Event: 0.019 Loaded shared library C:\Users\Kavya Rajendran\.p2\pool\plugins\org.eclipse.justj.openjdk.hotspot.jre.full.win32.x86_64_21.0.8.v20250724-1412\jre\bin\java.dll
Event: 0.101 Loaded shared library C:\Users\Kavya Rajendran\.p2\pool\plugins\org.eclipse.justj.openjdk.hotspot.jre.full.win32.x86_64_21.0.8.v20250724-1412\jre\bin\zip.dll
Event: 0.266 Loaded shared library C:\Users\Kavya Rajendran\.p2\pool\plugins\org.eclipse.justj.openjdk.hotspot.jre.full.win32.x86_64_21.0.8.v20250724-1412\jre\bin\net.dll
Event: 0.271 Loaded shared library C:\Users\Kavya Rajendran\.p2\pool\plugins\org.eclipse.justj.openjdk.hotspot.jre.full.win32.x86_64_21.0.8.v20250724-1412\jre\bin\nio.dll
Event: 0.282 Loaded shared library C:\Users\Kavya Rajendran\.p2\pool\plugins\org.eclipse.justj.openjdk.hotspot.jre.full.win32.x86_64_21.0.8.v20250724-1412\jre\bin\zip.dll
Event: 0.647 Loaded shared library C:\Users\Kavya Rajendran\.p2\pool\plugins\org.eclipse.justj.openjdk.hotspot.jre.full.win32.x86_64_21.0.8.v20250724-1412\jre\bin\jimage.dll
Event: 0.987 Loaded shared library C:\Users\Kavya Rajendran\.p2\pool\plugins\org.eclipse.justj.openjdk.hotspot.jre.full.win32.x86_64_21.0.8.v20250724-1412\jre\bin\extnet.dll
Event: 6.652 Loaded shared library C:\Users\Kavya Rajendran\.p2\pool\plugins\org.eclipse.justj.openjdk.hotspot.jre.full.win32.x86_64_21.0.8.v20250724-1412\jre\bin\management.dll
Event: 6.662 Loaded shared library C:\Users\Kavya Rajendran\.p2\pool\plugins\org.eclipse.justj.openjdk.hotspot.jre.full.win32.x86_64_21.0.8.v20250724-1412\jre\bin\management_ext.dll
Event: 8.153 Loaded shared library C:\Users\Kavya Rajendran\.p2\pool\plugins\org.eclipse.justj.openjdk.hotspot.jre.full.win32.x86_64_21.0.8.v20250724-1412\jre\bin\sunmscapi.dll

Deoptimization events (20 events):
Event: 29.596 Thread 0x00000192f27ba700 Uncommon trap: trap_request=0xffffff45 fr.pc=0x0000019287bb5424 relative=0x0000000000000444
Event: 29.596 Thread 0x00000192f27ba700 Uncommon trap: reason=unstable_if action=reinterpret pc=0x0000019287bb5424 method=java.util.regex.Pattern$Start.match(Ljava/util/regex/Matcher;ILjava/lang/CharSequence;)Z @ 10 c2
Event: 29.596 Thread 0x00000192f27ba700 DEOPT PACKING pc=0x0000019287bb5424 sp=0x0000001b349fdf50
Event: 29.596 Thread 0x00000192f27ba700 DEOPT UNPACKING pc=0x00000192875846a2 sp=0x0000001b349fde70 mode 2
Event: 31.810 Thread 0x00000192f27ba700 Uncommon trap: trap_request=0xffffffde fr.pc=0x0000019287bbdcd8 relative=0x0000000000000d98
Event: 31.810 Thread 0x00000192f27ba700 Uncommon trap: reason=class_check action=maybe_recompile pc=0x0000019287bbdcd8 method=java.util.regex.Pattern.lambda$negate$7(Ljava/util/regex/Pattern$CharPredicate;I)Z @ 2 c2
Event: 31.810 Thread 0x00000192f27ba700 DEOPT PACKING pc=0x0000019287bbdcd8 sp=0x0000001b349fee60
Event: 31.810 Thread 0x00000192f27ba700 DEOPT UNPACKING pc=0x00000192875846a2 sp=0x0000001b349fed50 mode 2
Event: 31.810 Thread 0x00000192f27ba700 Uncommon trap: trap_request=0xffffffde fr.pc=0x0000019287bbdcd8 relative=0x0000000000000d98
Event: 31.810 Thread 0x00000192f27ba700 Uncommon trap: reason=class_check action=maybe_recompile pc=0x0000019287bbdcd8 method=java.util.regex.Pattern.lambda$negate$7(Ljava/util/regex/Pattern$CharPredicate;I)Z @ 2 c2
Event: 31.810 Thread 0x00000192f27ba700 DEOPT PACKING pc=0x0000019287bbdcd8 sp=0x0000001b349fee60
Event: 31.810 Thread 0x00000192f27ba700 DEOPT UNPACKING pc=0x00000192875846a2 sp=0x0000001b349fed50 mode 2
Event: 31.810 Thread 0x00000192f27ba700 Uncommon trap: trap_request=0xffffffde fr.pc=0x0000019287bbdcd8 relative=0x0000000000000d98
Event: 31.810 Thread 0x00000192f27ba700 Uncommon trap: reason=class_check action=maybe_recompile pc=0x0000019287bbdcd8 method=java.util.regex.Pattern.lambda$negate$7(Ljava/util/regex/Pattern$CharPredicate;I)Z @ 2 c2
Event: 31.810 Thread 0x00000192f27ba700 DEOPT PACKING pc=0x0000019287bbdcd8 sp=0x0000001b349fee60
Event: 31.810 Thread 0x00000192f27ba700 DEOPT UNPACKING pc=0x00000192875846a2 sp=0x0000001b349fed50 mode 2
Event: 31.810 Thread 0x00000192f27ba700 Uncommon trap: trap_request=0xffffffde fr.pc=0x0000019287bbdcd8 relative=0x0000000000000d98
Event: 31.810 Thread 0x00000192f27ba700 Uncommon trap: reason=class_check action=maybe_recompile pc=0x0000019287bbdcd8 method=java.util.regex.Pattern.lambda$negate$7(Ljava/util/regex/Pattern$CharPredicate;I)Z @ 2 c2
Event: 31.810 Thread 0x00000192f27ba700 DEOPT PACKING pc=0x0000019287bbdcd8 sp=0x0000001b349fee60
Event: 31.810 Thread 0x00000192f27ba700 DEOPT UNPACKING pc=0x00000192875846a2 sp=0x0000001b349fed50 mode 2

Classes loaded (20 events):
Event: 29.605 Loading class sun/util/cldr/CLDRBaseLocaleDataMetaInfo$TZCanonicalIDMapHolder
Event: 29.607 Loading class sun/util/cldr/CLDRBaseLocaleDataMetaInfo$TZCanonicalIDMapHolder done
Event: 29.609 Loading class sun/util/resources/TimeZoneNames
Event: 29.610 Loading class sun/util/resources/TimeZoneNames done
Event: 29.611 Loading class sun/util/resources/TimeZoneNames_en
Event: 29.611 Loading class sun/util/resources/TimeZoneNames_en done
Event: 29.617 Loading class java/text/StringCharacterIterator
Event: 29.618 Loading class java/text/CharacterIterator
Event: 29.618 Loading class java/text/CharacterIterator done
Event: 29.618 Loading class java/text/StringCharacterIterator done
Event: 29.620 Loading class java/util/concurrent/ConcurrentLinkedDeque$Itr
Event: 29.621 Loading class java/util/concurrent/ConcurrentLinkedDeque$AbstractItr
Event: 29.621 Loading class java/util/concurrent/ConcurrentLinkedDeque$AbstractItr done
Event: 29.621 Loading class java/util/concurrent/ConcurrentLinkedDeque$Itr done
Event: 30.665 Loading class java/io/FileOutputStream$1
Event: 30.665 Loading class java/io/FileOutputStream$1 done
Event: 31.694 Loading class sun/util/resources/cldr/TimeZoneNames_en_US
Event: 31.694 Loading class sun/util/resources/cldr/TimeZoneNames_en_US done
Event: 31.815 Loading class java/util/ComparableTimSort
Event: 31.817 Loading class java/util/ComparableTimSort done

Classes unloaded (0 events):
No events

Classes redefined (0 events):
No events

Internal exceptions (20 events):
Event: 9.172 Thread 0x00000192f27ba700 Exception <a 'java/lang/NoSuchMethodError'{0x0000000088986818}: 'void java.lang.invoke.DirectMethodHandle$Holder.invokeStatic(java.lang.Object, java.lang.Object, int)'> (0x0000000088986818) 
thrown [s\src\hotspot\share\interpreter\linkResolver.cpp, line 773]
Event: 9.286 Thread 0x00000192fe9cfa70 Exception <a 'java/lang/NoSuchMethodError'{0x00000000887cc9c0}: 'java.lang.Object java.lang.invoke.DirectMethodHandle$Holder.invokeSpecial(java.lang.Object, java.lang.Object, java.lang.Object, java.lang.Object, int)'> (0x00000000887cc9c0) 
thrown [s\src\hotspot\share\interpreter\linkResolver.cpp, line 773]
Event: 9.286 Thread 0x00000192fe9cfa70 Exception <a 'java/lang/NoSuchMethodError'{0x00000000887d0318}: 'java.lang.Object java.lang.invoke.Invokers$Holder.linkToTargetMethod(java.lang.Object, java.lang.Object, int, java.lang.Object)'> (0x00000000887d0318) 
thrown [s\src\hotspot\share\interpreter\linkResolver.cpp, line 773]
Event: 9.336 Thread 0x00000192fe9cfa70 Exception <a 'java/lang/NoSuchMethodError'{0x00000000883e54a8}: 'void java.lang.invoke.DirectMethodHandle$Holder.invokeSpecial(java.lang.Object, java.lang.Object, java.lang.Object, java.lang.Object, java.lang.Object)'> (0x00000000883e54a8) 
thrown [s\src\hotspot\share\interpreter\linkResolver.cpp, line 773]
Event: 10.852 Thread 0x00000192fe9d0e20 Exception <a 'java/lang/NoSuchMethodError'{0x0000000088158588}: 'java.lang.Object java.lang.invoke.DirectMethodHandle$Holder.newInvokeSpecial(java.lang.Object, java.lang.Object, long, java.lang.Object, java.lang.Object, java.lang.Object)'> (0x0000000088158588) 
thrown [s\src\hotspot\share\interpreter\linkResolver.cpp, line 773]
Event: 10.862 Thread 0x00000192fe9d0e20 Exception <a 'java/lang/NoSuchMethodError'{0x000000008817c2a8}: 'void java.lang.invoke.DirectMethodHandle$Holder.invokeSpecial(java.lang.Object, java.lang.Object, java.lang.Object, java.lang.Object, java.lang.Object, java.lang.Object, java.lang.Object)'> (0x000000008817c2a8) 
thrown [s\src\hotspot\share\interpreter\linkResolver.cpp, line 773]
Event: 10.904 Thread 0x00000192f27ba700 Exception <a 'java/lang/NoSuchMethodError'{0x00000000881f6f00}: 'java.lang.Object java.lang.invoke.DirectMethodHandle$Holder.invokeSpecialIFC(java.lang.Object, java.lang.Object, java.lang.Object)'> (0x00000000881f6f00) 
thrown [s\src\hotspot\share\interpreter\linkResolver.cpp, line 773]
Event: 11.254 Thread 0x00000192f27ba700 Exception <a 'java/lang/ClassNotFoundException'{0x0000000089b56910}: sun/util/logging/resources/spi/loggingProvider> (0x0000000089b56910) 
thrown [s\src\hotspot\share\classfile\systemDictionary.cpp, line 312]
Event: 12.944 Thread 0x00000192fe9e7850 Exception <a 'java/net/ConnectException'{0x000000008996f680}: Connection refused: getsockopt> (0x000000008996f680) 
thrown [s\src\hotspot\share\prims\jni.cpp, line 539]
Event: 12.978 Thread 0x00000192fe9e7850 Exception <a 'java/net/ConnectException'{0x00000000899705f8}: Connection refused: getsockopt> (0x00000000899705f8) 
thrown [s\src\hotspot\share\prims\jni.cpp, line 539]
Event: 13.027 Thread 0x00000192fe9e7850 Exception <a 'java/net/ConnectException'{0x0000000089971570}: Connection refused: getsockopt> (0x0000000089971570) 
thrown [s\src\hotspot\share\prims\jni.cpp, line 539]
Event: 25.239 Thread 0x00000192fe9d2860 Exception <a 'sun/net/ConnectionResetException'{0x0000000089da9cc0}: Connection reset> (0x0000000089da9cc0) 
thrown [s\src\hotspot\share\prims\jni.cpp, line 539]
Event: 26.732 Thread 0x00000192fe9e7850 Exception <a 'java/io/IOException'{0x00000000898cf418}> (0x00000000898cf418) 
thrown [s\src\hotspot\share\prims\jni.cpp, line 520]
Event: 26.759 Thread 0x00000192fe9e7850 Exception <a 'java/net/ConnectException'{0x00000000898d0c78}: Connection refused: getsockopt> (0x00000000898d0c78) 
thrown [s\src\hotspot\share\prims\jni.cpp, line 539]
Event: 27.150 Thread 0x00000192fe9e7850 Exception <a 'java/net/ConnectException'{0x00000000898d2930}: Connection refused: getsockopt> (0x00000000898d2930) 
thrown [s\src\hotspot\share\prims\jni.cpp, line 539]
Event: 27.181 Thread 0x00000192fe9e7850 Exception <a 'java/net/ConnectException'{0x00000000897ee450}: Connection refused: getsockopt> (0x00000000897ee450) 
thrown [s\src\hotspot\share\prims\jni.cpp, line 539]
Event: 27.215 Thread 0x00000192fe9e7850 Exception <a 'java/net/ConnectException'{0x00000000897ef448}: Connection refused: getsockopt> (0x00000000897ef448) 
thrown [s\src\hotspot\share\prims\jni.cpp, line 539]
Event: 27.276 Thread 0x00000192fe9e7850 Exception <a 'java/net/ConnectException'{0x00000000897f0440}: Connection refused: getsockopt> (0x00000000897f0440) 
thrown [s\src\hotspot\share\prims\jni.cpp, line 539]
Event: 31.736 Thread 0x00000192f27ba700 Exception <a 'java/lang/NoSuchMethodError'{0x00000000893d8b50}: 'void java.lang.invoke.DirectMethodHandle$Holder.invokeStaticInit(java.lang.Object, java.lang.Object)'> (0x00000000893d8b50) 
thrown [s\src\hotspot\share\interpreter\linkResolver.cpp, line 773]
Event: 31.839 Thread 0x00000192f27ba700 Exception <a 'java/lang/NoSuchMethodError'{0x0000000089285070}: 'long java.lang.invoke.DirectMethodHandle$Holder.invokeSpecial(java.lang.Object, java.lang.Object, int, java.lang.Object, java.lang.Object)'> (0x0000000089285070) 
thrown [s\src\hotspot\share\interpreter\linkResolver.cpp, line 773]

ZGC Phase Switch (0 events):
No events

VM Operations (20 events):
Event: 12.232 Executing VM operation: Cleanup
Event: 12.232 Executing VM operation: Cleanup done
Event: 13.234 Executing VM operation: Cleanup
Event: 13.234 Executing VM operation: Cleanup done
Event: 25.304 Executing VM operation: Cleanup
Event: 25.305 Executing VM operation: Cleanup done
Event: 27.307 Executing VM operation: Cleanup
Event: 27.307 Executing VM operation: Cleanup done
Event: 28.311 Executing VM operation: Cleanup
Event: 28.312 Executing VM operation: Cleanup done
Event: 29.321 Executing VM operation: Cleanup
Event: 29.321 Executing VM operation: Cleanup done
Event: 30.327 Executing VM operation: Cleanup
Event: 30.327 Executing VM operation: Cleanup done
Event: 31.341 Executing VM operation: Cleanup
Event: 31.341 Executing VM operation: Cleanup done
Event: 32.350 Executing VM operation: Cleanup
Event: 32.884 Executing VM operation: Cleanup done
Event: 33.894 Executing VM operation: Cleanup
Event: 33.894 Executing VM operation: Cleanup done

Memory protections (0 events):
No events

Nmethod flushes (0 events):
No events

Events (20 events):
Event: 26.821 Thread 0x00000192f27ba700 Thread added: 0x00000192feec8b50
Event: 27.080 Thread 0x00000192feec8b50 Thread exited: 0x00000192feec8b50
Event: 27.104 Thread 0x00000192f27ba700 Thread added: 0x00000192feec8b50
Event: 27.125 Thread 0x00000192f27ba700 Thread added: 0x00000192feec77a0
Event: 27.126 Thread 0x00000192f27ba700 Thread added: 0x00000192feec6a80
Event: 27.126 Thread 0x00000192f27ba700 Thread added: 0x00000192feecc660
Event: 27.391 Thread 0x00000192f27ba700 Thread added: 0x00000192feecd380
Event: 27.399 Thread 0x00000192feec8b50 Thread added: 0x00000192feec9f00
Event: 27.402 Thread 0x00000192feec8b50 Thread added: 0x00000192feecda10
Event: 27.402 Thread 0x00000192feec8b50 Thread added: 0x00000192feeca590
Event: 28.632 Thread 0x00000192f27ba700 Thread added: 0x00000192feecb2b0
Event: 28.632 Thread 0x00000192f27ba700 Thread added: 0x00000192feecb940
Event: 28.637 Thread 0x00000192feecb2b0 Thread added: 0x00000192feecbfd0
Event: 28.638 Thread 0x00000192feecb2b0 Thread added: 0x00000192fe9cf3e0
Event: 28.639 Thread 0x00000192feecb2b0 Thread added: 0x00000192fe186ca0
Event: 29.626 Thread 0x00000192fd9c3430 Thread added: 0x00000192fefe3460
Event: 29.637 Thread 0x00000192fd9a8a70 Thread added: 0x00000192d417eda0
Event: 30.667 Thread 0x00000192d417eda0 Thread exited: 0x00000192d417eda0
Event: 31.695 Thread 0x00000192fefe3460 Thread exited: 0x00000192fefe3460
Event: 31.748 Thread 0x00000192fe0919c0 Thread exited: 0x00000192fe0919c0


Dynamic libraries:
0x00007ff7c5600000 - 0x00007ff7c560e000 	C:\Users\Kavya Rajendran\.p2\pool\plugins\org.eclipse.justj.openjdk.hotspot.jre.full.win32.x86_64_21.0.8.v20250724-1412\jre\bin\javaw.exe
0x00007ff862540000 - 0x00007ff8627a7000 	C:\WINDOWS\SYSTEM32\ntdll.dll
0x00007ff861850000 - 0x00007ff861919000 	C:\WINDOWS\System32\KERNEL32.DLL
0x00007ff85ef00000 - 0x00007ff85f2f1000 	C:\WINDOWS\System32\KERNELBASE.dll
0x00007ff85ffd0000 - 0x00007ff86011b000 	C:\WINDOWS\System32\ucrtbase.dll
0x00007ff854cb0000 - 0x00007ff854cc8000 	C:\Users\Kavya Rajendran\.p2\pool\plugins\org.eclipse.justj.openjdk.hotspot.jre.full.win32.x86_64_21.0.8.v20250724-1412\jre\bin\jli.dll
0x00007ff84e700000 - 0x00007ff84e71e000 	C:\Users\Kavya Rajendran\.p2\pool\plugins\org.eclipse.justj.openjdk.hotspot.jre.full.win32.x86_64_21.0.8.v20250724-1412\jre\bin\VCRUNTIME140.dll
0x00007ff861a20000 - 0x00007ff861be5000 	C:\WINDOWS\System32\USER32.dll
0x00007ff84b740000 - 0x00007ff84b9d3000 	C:\WINDOWS\WinSxS\amd64_microsoft.windows.common-controls_6595b64144ccf1df_6.0.26100.7922_none_3e089e1ee3342171\COMCTL32.dll
0x00007ff85ee20000 - 0x00007ff85ee47000 	C:\WINDOWS\System32\win32u.dll
0x00007ff860a30000 - 0x00007ff860ad9000 	C:\WINDOWS\System32\msvcrt.dll
0x00007ff862380000 - 0x00007ff8623ab000 	C:\WINDOWS\System32\GDI32.dll
0x00007ff860120000 - 0x00007ff86024a000 	C:\WINDOWS\System32\gdi32full.dll
0x00007ff85ee50000 - 0x00007ff85eef3000 	C:\WINDOWS\System32\msvcp_win.dll
0x00007ff862340000 - 0x00007ff862371000 	C:\WINDOWS\System32\IMM32.DLL
0x00007ff84e760000 - 0x00007ff84e76c000 	C:\Users\Kavya Rajendran\.p2\pool\plugins\org.eclipse.justj.openjdk.hotspot.jre.full.win32.x86_64_21.0.8.v20250724-1412\jre\bin\vcruntime140_1.dll
0x00007ff848950000 - 0x00007ff8489dd000 	C:\Users\Kavya Rajendran\.p2\pool\plugins\org.eclipse.justj.openjdk.hotspot.jre.full.win32.x86_64_21.0.8.v20250724-1412\jre\bin\msvcp140.dll
0x00007ffff6ce0000 - 0x00007ffff7a77000 	C:\Users\Kavya Rajendran\.p2\pool\plugins\org.eclipse.justj.openjdk.hotspot.jre.full.win32.x86_64_21.0.8.v20250724-1412\jre\bin\server\jvm.dll
0x00007ff862440000 - 0x00007ff8624fb000 	C:\WINDOWS\System32\ADVAPI32.dll
0x00007ff8617a0000 - 0x00007ff861847000 	C:\WINDOWS\System32\sechost.dll
0x00007ff861d90000 - 0x00007ff861ea8000 	C:\WINDOWS\System32\RPCRT4.dll
0x00007ff8607e0000 - 0x00007ff860854000 	C:\WINDOWS\System32\WS2_32.dll
0x00007ff84b9e0000 - 0x00007ff84ba15000 	C:\WINDOWS\SYSTEM32\WINMM.dll
0x00007ff856e00000 - 0x00007ff856e0b000 	C:\WINDOWS\SYSTEM32\VERSION.dll
0x00007ff85ec80000 - 0x00007ff85ecde000 	C:\WINDOWS\SYSTEM32\POWRPROF.dll
0x00007ff85ec60000 - 0x00007ff85ec74000 	C:\WINDOWS\SYSTEM32\UMPDC.dll
0x00007ff85db70000 - 0x00007ff85db8b000 	C:\WINDOWS\SYSTEM32\kernel.appcore.dll
0x00007ff84dd10000 - 0x00007ff84dd1a000 	C:\Users\Kavya Rajendran\.p2\pool\plugins\org.eclipse.justj.openjdk.hotspot.jre.full.win32.x86_64_21.0.8.v20250724-1412\jre\bin\jimage.dll
0x00007ff85cfd0000 - 0x00007ff85d212000 	C:\WINDOWS\SYSTEM32\DBGHELP.DLL
0x00007ff860450000 - 0x00007ff8607d2000 	C:\WINDOWS\System32\combase.dll
0x00007ff861c60000 - 0x00007ff861d37000 	C:\WINDOWS\System32\OLEAUT32.dll
0x00007ff84d040000 - 0x00007ff84d07b000 	C:\WINDOWS\SYSTEM32\dbgcore.DLL
0x00007ff85f480000 - 0x00007ff85f525000 	C:\WINDOWS\System32\bcryptPrimitives.dll
0x00007ff84d0b0000 - 0x00007ff84d0cf000 	C:\Users\Kavya Rajendran\.p2\pool\plugins\org.eclipse.justj.openjdk.hotspot.jre.full.win32.x86_64_21.0.8.v20250724-1412\jre\bin\java.dll
0x00007ff861030000 - 0x00007ff86178f000 	C:\WINDOWS\System32\SHELL32.dll
0x00007ff85fe60000 - 0x00007ff85ffca000 	C:\WINDOWS\System32\wintypes.dll
0x00007ff85f5f0000 - 0x00007ff85fe54000 	C:\WINDOWS\System32\windows.storage.dll
0x00007ff860350000 - 0x00007ff860447000 	C:\WINDOWS\System32\SHCORE.dll
0x00007ff861bf0000 - 0x00007ff861c57000 	C:\WINDOWS\System32\shlwapi.dll
0x00007ff85ed40000 - 0x00007ff85ed69000 	C:\WINDOWS\SYSTEM32\profapi.dll
0x00007ff84cfc0000 - 0x00007ff84cfd8000 	C:\Users\Kavya Rajendran\.p2\pool\plugins\org.eclipse.justj.openjdk.hotspot.jre.full.win32.x86_64_21.0.8.v20250724-1412\jre\bin\zip.dll
0x00007ff84dd00000 - 0x00007ff84dd10000 	C:\Users\Kavya Rajendran\.p2\pool\plugins\org.eclipse.justj.openjdk.hotspot.jre.full.win32.x86_64_21.0.8.v20250724-1412\jre\bin\net.dll
0x00007ff855200000 - 0x00007ff855327000 	C:\WINDOWS\SYSTEM32\WINHTTP.dll
0x00007ff85e0c0000 - 0x00007ff85e12b000 	C:\WINDOWS\system32\mswsock.dll
0x00007ff84c090000 - 0x00007ff84c0a6000 	C:\Users\Kavya Rajendran\.p2\pool\plugins\org.eclipse.justj.openjdk.hotspot.jre.full.win32.x86_64_21.0.8.v20250724-1412\jre\bin\nio.dll
0x00007ff85d5a0000 - 0x00007ff85d6ca000 	C:\WINDOWS\SYSTEM32\DNSAPI.dll
0x00007ff85d560000 - 0x00007ff85d593000 	C:\WINDOWS\SYSTEM32\IPHLPAPI.DLL
0x00007ff862430000 - 0x00007ff86243a000 	C:\WINDOWS\System32\NSI.dll
0x00007ff84a430000 - 0x00007ff84a43b000 	C:\Windows\System32\rasadhlp.dll
0x00007ff8500c0000 - 0x00007ff850146000 	C:\WINDOWS\System32\fwpuclnt.dll
0x00007ff84cf70000 - 0x00007ff84cf79000 	C:\Users\Kavya Rajendran\.p2\pool\plugins\org.eclipse.justj.openjdk.hotspot.jre.full.win32.x86_64_21.0.8.v20250724-1412\jre\bin\extnet.dll
0x00007ff85e4c0000 - 0x00007ff85e4db000 	C:\WINDOWS\SYSTEM32\CRYPTSP.dll
0x00007ff85dad0000 - 0x00007ff85db09000 	C:\WINDOWS\system32\rsaenh.dll
0x00007ff85e170000 - 0x00007ff85e1a2000 	C:\WINDOWS\SYSTEM32\USERENV.dll
0x00007ff85ed10000 - 0x00007ff85ed3a000 	C:\WINDOWS\SYSTEM32\bcrypt.dll
0x00007ff85e320000 - 0x00007ff85e32c000 	C:\WINDOWS\SYSTEM32\CRYPTBASE.dll
0x00007ff84c030000 - 0x00007ff84c03a000 	C:\Users\Kavya Rajendran\.p2\pool\plugins\org.eclipse.justj.openjdk.hotspot.jre.full.win32.x86_64_21.0.8.v20250724-1412\jre\bin\management.dll
0x00007ff84c020000 - 0x00007ff84c02b000 	C:\Users\Kavya Rajendran\.p2\pool\plugins\org.eclipse.justj.openjdk.hotspot.jre.full.win32.x86_64_21.0.8.v20250724-1412\jre\bin\management_ext.dll
0x00007ff8602e0000 - 0x00007ff8602e8000 	C:\WINDOWS\System32\PSAPI.DLL
0x00007ff84bdb0000 - 0x00007ff84bdbe000 	C:\Users\Kavya Rajendran\.p2\pool\plugins\org.eclipse.justj.openjdk.hotspot.jre.full.win32.x86_64_21.0.8.v20250724-1412\jre\bin\sunmscapi.dll
0x00007ff85f300000 - 0x00007ff85f477000 	C:\WINDOWS\System32\CRYPT32.dll
0x00007ff85e620000 - 0x00007ff85e650000 	C:\WINDOWS\SYSTEM32\ncrypt.dll
0x00007ff85e5d0000 - 0x00007ff85e60f000 	C:\WINDOWS\SYSTEM32\NTASN1.dll
0x00007ff8565f0000 - 0x00007ff8565f8000 	C:\WINDOWS\system32\wshunix.dll
0x00007ffff35e0000 - 0x00007ffff35f8000 	C:\WINDOWS\system32\napinsp.dll
0x00007ffff35c0000 - 0x00007ffff35d2000 	C:\WINDOWS\System32\winrnr.dll
0x00007ff856700000 - 0x00007ff856722000 	C:\WINDOWS\system32\nlansp_c.dll
0x00007ff830370000 - 0x00007ff830386000 	C:\WINDOWS\system32\wshbth.dll

JVMTI agents: none

dbghelp: loaded successfully - version: 4.0.5 - missing functions: none
symbol engine: initialized successfully - sym options: 0x614 - pdb path: .;C:\Users\Kavya Rajendran\.p2\pool\plugins\org.eclipse.justj.openjdk.hotspot.jre.full.win32.x86_64_21.0.8.v20250724-1412\jre\bin;C:\WINDOWS\SYSTEM32;C:\WINDOWS\WinSxS\amd64_microsoft.windows.common-controls_6595b64144ccf1df_6.0.26100.7922_none_3e089e1ee3342171;C:\Users\Kavya Rajendran\.p2\pool\plugins\org.eclipse.justj.openjdk.hotspot.jre.full.win32.x86_64_21.0.8.v20250724-1412\jre\bin\server

VM Arguments:
jvm_args: -ea -Dfile.encoding=UTF-8 -Dstdout.encoding=UTF-8 -Dstderr.encoding=UTF-8 -XX:+ShowCodeDetailsInExceptionMessages 
java_command: org.testng.remote.RemoteTestNG -serport 60168 -protocol json -d C:\Users\Kavya Rajendran\OneDrive\Desktop\java selenium\Selenium\test-output C:\Users\KAVYAR~1\AppData\Local\Temp\testng-eclipse--521054947\testng-customsuite.xml
java_class_path (initial): C:\Users\Kavya Rajendran\eclipse\jee-2026-03\eclipse\configuration\org.eclipse.osgi\1017\0\.cp\lib\testng-remote.jar;C:\Users\Kavya Rajendran\OneDrive\Desktop\java selenium\Selenium\target\test-classes;C:\Users\Kavya Rajendran\OneDrive\Desktop\java selenium\Selenium\target\classes;C:\Users\Kavya Rajendran\.m2\repository\org\seleniumhq\selenium\selenium-java\4.38.0\selenium-java-4.38.0.jar;C:\Users\Kavya Rajendran\.m2\repository\org\seleniumhq\selenium\selenium-api\4.38.0\selenium-api-4.38.0.jar;C:\Users\Kavya Rajendran\.m2\repository\org\jspecify\jspecify\1.0.0\jspecify-1.0.0.jar;C:\Users\Kavya Rajendran\.m2\repository\org\seleniumhq\selenium\selenium-chrome-driver\4.38.0\selenium-chrome-driver-4.38.0.jar;C:\Users\Kavya Rajendran\.m2\repository\com\google\auto\service\auto-service-annotations\1.1.1\auto-service-annotations-1.1.1.jar;C:\Users\Kavya Rajendran\.m2\repository\org\seleniumhq\selenium\selenium-chromium-driver\4.38.0\selenium-chromium-driver-4.38.0.jar;C:\Users\Kavya Rajendran\.m2\repository\org\seleniumhq\selenium\selenium-json\4.38.0\selenium-json-4.38.0.jar;C:\Users\Kavya Rajendran\.m2\repository\org\seleniumhq\selenium\selenium-manager\4.38.0\selenium-manager-4.38.0.jar;C:\Users\Kavya Rajendran\.m2\repository\org\seleniumhq\selenium\selenium-devtools-v140\4.38.0\selenium-devtools-v140-4.38.0.jar;C:\Users\Kavya Rajendran\.m2\repository\org\seleniumhq\selenium\selenium-devtools-v141\4.38.0\selenium-devtools-v141-4.38.0.jar;C:\Users\Kavya Rajendran\.m2\repository\org\seleniumhq\selenium\selenium-devtools-v142\4.38.0\selenium-devtools-v142-4.38.0.jar;C:\Users\Kavya Rajendran\.m2\repository\org\seleniumhq\selenium\selenium-edge-driver\4.38.0\selenium-edge-driver-4.38.0.jar;C:\Users\Kavya Rajendran\.m2\repository\org\seleniumhq\selenium\selenium-firefox-driver\4.38.0\selenium-firefox-driver-4.38.0.jar;C:\Users\Kavya Rajendran\.m2\repository\org\seleniumhq\selenium\selenium-http\4.38.0\selenium-http-4.38.0.jar;C:\Users\Kavya Rajendran\.m2\repository\org\seleniumhq\selenium\selenium-ie-driver\4.38.0\selenium-ie-driver-4.38.0.jar;C:\Users\Kavya Rajendran\.m2\repository\org\seleniumhq\selenium\selenium-remote-driver\4.38.0\selenium-remote-driver-4.38.0.jar;C:\Users\Kavya Rajendran\.m2\repository\com\google\guava\guava\33.5.0-jre\guava-33.5.0-jre.jar;C:\Users\Kavya Rajendran\.m2\repository\com\google\guava\failureaccess\1.0.3\failureaccess-1.0.3.jar;C:\Users\Kavya Rajendran\.m2\repository\com\google\guava\listenablefuture\9999.0-empty-to-avoid-conflict-with-guava\listenablefuture-9999.0-empty-to-avoid-conflict-with-guava.jar;C:\Users\Kavya Rajendran\.m2\repository\com\google\errorprone\error_prone_annotations\2.41.0\error_prone_annotations-2.41.0.jar;C:\Users\Kavya Rajendran\.m2\repository\com\google\j2objc\j2objc-annotations\3.1\j2objc-annotations-3.1.jar;C:\Users\Kavya Rajendran\.m2\repository\io\opentelemetry\opentelemetry-api\1.55.0\opentelemetry-api-1.55.0.jar;C:\Users\Kavya Rajendran\.m2\repository\io\opentelemetry\opentelemetry-context\1.55.0\opentelemetry-context-1.55.0.jar;C:\Users\Kavya Rajendran\.m2\repository\io\opentelemetry\opentelemetry-common\1.55.0\opentelemetry-common-1.55.0.jar;C:\Users\Kavya Rajendran\.m2\repository\io\opentelemetry\opentelemetry-exporter-logging\1.55.0\opentelemetry-exporter-logging-1.55.0.jar;C:\Users\Kavya Rajendran\.m2\repository\io\opentelemetry\opentelemetry-sdk-common\1.55.0\opentelemetry-sdk-common-1.55.0.jar;C:\Users\Kavya Rajendran\.m2\repository\io\opentelemetry\opentelemetry-sdk-extension-autoconfigure-spi\1.55.0\opentelemetry-sdk-extension-autoconfigure-spi-1.55.0.jar;C:\Users\Kavya Rajendran\.m2\repository\io\opentelemetry\opentelemetry-sdk-extension-autoconfigure\1.55.0\opentelemetry-sdk-extension-autoconfigure-1.55.0.jar;C:\Users\Kavya Rajendran\.m2\repository\io\opentelemetry\opentelemetry-sdk-trace\1.55.0\opentelemetry-sdk-trace-1.55.0.jar;C:\Users\Kavya Rajendran\.m2\repository\io\opentelemetry\opentelemetry-sdk\1.55.0\opentelemetry-sdk-1.55.0.jar;C:\Users\Kavya Rajendran\.m2\repository\io\opentelemetry\opentelemetry-sdk-metrics\1.55.0\opentelemetry-sdk-metrics-1.55.0.jar;C:\Users\Kavya Rajendran\.m2\repository\io\opentelemetry\opentelemetry-sdk-logs\1.55.0\opentelemetry-sdk-logs-1.55.0.jar;C:\Users\Kavya Rajendran\.m2\repository\net\bytebuddy\byte-buddy\1.17.8\byte-buddy-1.17.8.jar;C:\Users\Kavya Rajendran\.m2\repository\org\seleniumhq\selenium\selenium-os\4.38.0\selenium-os-4.38.0.jar;C:\Users\Kavya Rajendran\.m2\repository\org\apache\commons\commons-exec\1.5.0\commons-exec-1.5.0.jar;C:\Users\Kavya Rajendran\.m2\repository\org\seleniumhq\selenium\selenium-safari-driver\4.38.0\selenium-safari-driver-4.38.0.jar;C:\Users\Kavya Rajendran\.m2\repository\org\seleniumhq\selenium\selenium-support\4.38.0\selenium-support-4.38.0.jar;C:\Users\Kavya Rajendran\.m2\repository\org\apache\poi\poi\5.5.1\poi-5.5.1.jar;C:\Users\Kavya Rajendran\.m2\repository\commons-codec\commons-codec\1.20.0\commons-codec-1.20.0.jar;C:\Users\Kavya Rajendran\.m2\repository\org\apache\commons\commons-collections4\4.5.0\commons-collections4-4.5.0.jar;C:\Users\Kavya Rajendran\.m2\repository\org\apache\commons\commons-math3\3.6.1\commons-math3-3.6.1.jar;C:\Users\Kavya Rajendran\.m2\repository\commons-io\commons-io\2.21.0\commons-io-2.21.0.jar;C:\Users\Kavya Rajendran\.m2\repository\com\zaxxer\SparseBitSet\1.3\SparseBitSet-1.3.jar;C:\Users\Kavya Rajendran\.m2\repository\org\apache\logging\log4j\log4j-api\2.24.3\log4j-api-2.24.3.jar;C:\Users\Kavya Rajendran\.m2\repository\org\apache\poi\poi-ooxml\5.5.1\poi-ooxml-5.5.1.jar;C:\Users\Kavya Rajendran\.m2\repository\org\apache\poi\poi-ooxml-lite\5.5.1\poi-ooxml-lite-5.5.1.jar;C:\Users\Kavya Rajendran\.m2\repository\org\apache\xmlbeans\xmlbeans\5.3.0\xmlbeans-5.3.0.jar;C:\Users\Kavya Rajendran\.m2\repository\org\apache\commons\commons-compress\1.28.0\commons-compress-1.28.0.jar;C:\Users\Kavya Rajendran\.m2\repository\org\apache\commons\commons-lang3\3.18.0\commons-lang3-3.18.0.jar;C:\Users\Kavya Rajendran\.m2\repository\com\github\virtuald\curvesapi\1.08\curvesapi-1.08.jar;C:\Users\Kavya Rajendran\.m2\repository\com\googlecode\json-simple\json-simple\1.1\json-simple-1.1.jar;C:\Users\Kavya Rajendran\.m2\repository\org\testng\testng\7.12.0\testng-7.12.0.jar;C:\Users\Kavya Rajendran\.m2\repository\org\slf4j\slf4j-api\2.0.16\slf4j-api-2.0.16.jar;C:\Users\Kavya Rajendran\.m2\repository\org\jcommander\jcommander\1.83\jcommander-1.83.jar;C:\Users\Kavya Rajendran\.m2\repository\org\webjars\jquery\3.7.1\jquery-3.7.1.jar
Launcher Type: SUN_STANDARD

[Global flags]
     intx CICompilerCount                          = 4                                         {product} {ergonomic}
     uint ConcGCThreads                            = 2                                         {product} {ergonomic}
     uint G1ConcRefinementThreads                  = 8                                         {product} {ergonomic}
   size_t G1HeapRegionSize                         = 1048576                                   {product} {ergonomic}
    uintx GCDrainStackTargetSize                   = 64                                        {product} {ergonomic}
   size_t InitialHeapSize                          = 134217728                                 {product} {ergonomic}
   size_t MarkStackSize                            = 4194304                                   {product} {ergonomic}
   size_t MaxHeapSize                              = 2116026368                                {product} {ergonomic}
   size_t MaxNewSize                               = 1268776960                                {product} {ergonomic}
   size_t MinHeapDeltaBytes                        = 1048576                                   {product} {ergonomic}
   size_t MinHeapSize                              = 8388608                                   {product} {ergonomic}
    uintx NonNMethodCodeHeapSize                   = 5839372                                {pd product} {ergonomic}
    uintx NonProfiledCodeHeapSize                  = 122909434                              {pd product} {ergonomic}
    uintx ProfiledCodeHeapSize                     = 122909434                              {pd product} {ergonomic}
    uintx ReservedCodeCacheSize                    = 251658240                              {pd product} {ergonomic}
     bool SegmentedCodeCache                       = true                                      {product} {ergonomic}
     bool ShowCodeDetailsInExceptionMessages       = true                                   {manageable} {command line}
   size_t SoftMaxHeapSize                          = 2116026368                             {manageable} {ergonomic}
     bool UseCompressedOops                        = true                           {product lp64_product} {ergonomic}
     bool UseG1GC                                  = true                                      {product} {ergonomic}
     bool UseLargePagesIndividualAllocation        = false                                  {pd product} {ergonomic}

Logging:
Log output configuration:
 #0: stdout all=warning uptime,level,tags foldmultilines=false
 #1: stderr all=off uptime,level,tags foldmultilines=false

Environment Variables:
PATH=C:/Users/Kavya Rajendran/.p2/pool/plugins/org.eclipse.justj.openjdk.hotspot.jre.full.win32.x86_64_21.0.10.v20260205-0638/jre/bin/server;C:/Users/Kavya Rajendran/.p2/pool/plugins/org.eclipse.justj.openjdk.hotspot.jre.full.win32.x86_64_21.0.10.v20260205-0638/jre/bin;C:\oracle\product\10.2.0\db_1\bin;C:\Program Files\Common Files\Oracle\Java\javapath;C:\WINDOWS\system32;C:\WINDOWS;C:\WINDOWS\System32\Wbem;C:\WINDOWS\System32\WindowsPowerShell\v1.0\;C:\WINDOWS\System32\OpenSSH\;C:\Users\Kavya Rajendran\AppData\Local\Microsoft\WindowsApps;;C:\Users\Kavya Rajendran\OneDrive\Desktop;
USERNAME=Kavya Rajendran
OS=Windows_NT
PROCESSOR_IDENTIFIER=Intel64 Family 6 Model 142 Stepping 10, GenuineIntel
TMP=C:\Users\KAVYAR~1\AppData\Local\Temp
TEMP=C:\Users\KAVYAR~1\AppData\Local\Temp




Periodic native trim disabled

---------------  S Y S T E M  ---------------

OS:
 Windows 11 , 64 bit Build 26100 (10.0.26100.7920)
OS uptime: 30 days 15:13 hours
Hyper-V role detected

CPU: total 8 (initial active 8) (4 cores per cpu, 2 threads per core) family 6 model 142 stepping 10 microcode 0xf4, cx8, cmov, fxsr, ht, mmx, 3dnowpref, sse, sse2, sse3, ssse3, sse4.1, sse4.2, popcnt, lzcnt, tsc, tscinvbit, avx, avx2, aes, erms, clmul, bmi1, bmi2, rtm, adx, fma, vzeroupper, clflush, clflushopt, hv, rdtscp, f16c
Processor Information for processor 0
  Max Mhz: 1896, Current Mhz: 1496, Mhz Limit: 1687
Processor Information for processor 1
  Max Mhz: 1896, Current Mhz: 1496, Mhz Limit: 1687
Processor Information for processor 2
  Max Mhz: 1896, Current Mhz: 1496, Mhz Limit: 1687
Processor Information for processor 3
  Max Mhz: 1896, Current Mhz: 1496, Mhz Limit: 1687
Processor Information for processor 4
  Max Mhz: 1896, Current Mhz: 1496, Mhz Limit: 1687
Processor Information for processor 5
  Max Mhz: 1896, Current Mhz: 1496, Mhz Limit: 1687
Processor Information for processor 6
  Max Mhz: 1896, Current Mhz: 1696, Mhz Limit: 1687
Processor Information for processor 7
  Max Mhz: 1896, Current Mhz: 1496, Mhz Limit: 1687

Memory: 4k page, system-wide physical 8070M (679M free)
TotalPageFile size 10118M (AvailPageFile size 3M)
current process WorkingSet (physical memory assigned to process): 128M, peak: 130M
current process commit charge ("private bytes"): 247M, peak: 257M

vm_info: OpenJDK 64-Bit Server VM (21.0.8+9-LTS) for windows-amd64 JRE (21.0.8+9-LTS), built on 2025-07-15T00:00:00Z by "admin" with MS VC++ 17.7 (VS2022)

END.
